<!DOCTYPE html PUBLIC "-//W3C//DTD XHTML 1.1//EN" "https://www.w3.org/TR/xhtml11/DTD/xhtml11.dtd">
<html xmlns="https://www.w3.org/1999/xhtml">
<head>
<meta http-equiv="content-type" content="text/html; charset=UTF-8"/>
<title>TestNG Report</title>
<style type="text/css">table {margin-bottom:10px;border-collapse:collapse;empty-cells:show}th,td {border:1px solid #009;padding:.25em .5em}th {vertical-align:bottom}td {vertical-align:top}table a {font-weight:bold}.stripe td {background-color: #E6EBF9}.num {text-align:right}.passedodd td {background-color: #3F3}.passedeven td {background-color: #0A0}.skippedodd td {background-color: #DDD}.skippedeven td {background-color: #CCC}.failedodd td,.attn {background-color: #F33}.failedeven td,.stripe .attn {background-color: #D00}.stacktrace {white-space:pre;font-family:monospace}.totop {font-size:85%;text-align:center;border-bottom:2px solid #000}.invisible {display:none}</style>
</head>
<body>
<table>
<tr><th>Test</th><th># Passed</th><th># Skipped</th><th># Retried</th><th># Failed</th><th>Time (ms)</th><th>Included Groups</th><th>Excluded Groups</th></tr>
<tr><th colspan="8">Command line suite</th></tr>
<tr><td><a href="#t0">Command line test</a></td><td class="num">0</td><td class="num attn">4</td><td class="num">0</td><td class="num">0</td><td class="num">106</td><td></td><td></td></tr>
</table>
<table id='summary'><thead><tr><th>Class</th><th>Method</th><th>Start</th><th>Time (ms)</th></tr></thead><tbody><tr><th colspan="4">Command line suite</th></tr></tbody><tbody id="t0"><tr><th colspan="4">Command line test &#8212; failed (configuration methods)</th></tr><tr class="failedeven"><td rowspan="1">MyGroupID.MyArtifactID.SuiteTest</td><td><a href="#m0">beforeTest</a></td><td rowspan="1">1604922098811</td><td rowspan="1">-1604922098811</td></tr><tr><th colspan="4">Command line test &#8212; skipped (configuration methods)</th></tr><tr class="skippedeven"><td rowspan="3">MyGroupID.MyArtifactID.SuiteTest</td><td><a href="#m1">afterClass</a></td><td rowspan="1">1604922098912</td><td rowspan="1">-1604922098912</td></tr><tr class="skippedeven"><td><a href="#m2">afterTest</a></td><td rowspan="1">1604922098913</td><td rowspan="1">-1604922098913</td></tr><tr class="skippedeven"><td><a href="#m3">beforeClass</a></td><td rowspan="1">1604922098911</td><td rowspan="1">-1604922098911</td></tr><tr><th colspan="4">Command line test &#8212; skipped</th></tr><tr class="skippedeven"><td rowspan="2">MyGroupID.MyArtifactID.SecondTest</td><td><a href="#m4">testMethodOne</a></td><td rowspan="1">1604922098904</td><td rowspan="1">0</td></tr><tr class="skippedeven"><td><a href="#m5">testMethodTwo</a></td><td rowspan="1">1604922098908</td><td rowspan="1">0</td></tr><tr class="skippedodd"><td rowspan="1">MyGroupID.MyArtifactID.SuiteTest</td><td><a href="#m6">testMethodOne</a></td><td rowspan="1">1604922098912</td><td rowspan="1">0</td></tr><tr class="skippedeven"><td rowspan="1">MyGroupID.MyArtifactID.TestOneWithMVN</td><td><a href="#m7">testMethodOne</a></td><td rowspan="1">1604922098913</td><td rowspan="1">0</td></tr></tbody>
</table>
<h2>Command line test</h2><h3 id="m0">MyGroupID.MyArtifactID.SuiteTest#beforeTest</h3><table class="result"><tr><th>Exception</th></tr><tr><td><div class="stacktrace">org.testng.TestNGException: 
Parameter &apos;test-name&apos; is required by BeforeTest on method beforeTest but has not been marked @Optional or defined

... Removed 31 stack frames</div></td></tr></table><p class="totop"><a href="#summary">back to summary</a></p>
<h3 id="m1">MyGroupID.MyArtifactID.SuiteTest#afterClass</h3><table class="result"><tr><th class="invisible"/></tr></table><p class="totop"><a href="#summary">back to summary</a></p>
<h3 id="m2">MyGroupID.MyArtifactID.SuiteTest#afterTest</h3><table class="result"><tr><th class="invisible"/></tr></table><p class="totop"><a href="#summary">back to summary</a></p>
<h3 id="m3">MyGroupID.MyArtifactID.SuiteTest#beforeClass</h3><table class="result"><tr><th class="invisible"/></tr></table><p class="totop"><a href="#summary">back to summary</a></p>
<h3 id="m4">MyGroupID.MyArtifactID.SecondTest#testMethodOne</h3><table class="result"><tr><th>Exception</th></tr><tr><td><div class="stacktrace">org.testng.TestNGException: 
Parameter &apos;test-name&apos; is required by BeforeTest on method beforeTest but has not been marked @Optional or defined

... Removed 31 stack frames</div></td></tr></table><p class="totop"><a href="#summary">back to summary</a></p>
<h3 id="m5">MyGroupID.MyArtifactID.SecondTest#testMethodTwo</h3><table class="result"><tr><th>Exception</th></tr><tr><td><div class="stacktrace">org.testng.TestNGException: 
Parameter &apos;test-name&apos; is required by BeforeTest on method beforeTest but has not been marked @Optional or defined

... Removed 31 stack frames</div></td></tr></table><p class="totop"><a href="#summary">back to summary</a></p>
<h3 id="m6">MyGroupID.MyArtifactID.SuiteTest#testMethodOne</h3><table class="result"><tr><th>Exception</th></tr><tr><td><div class="stacktrace">org.testng.TestNGException: 
Parameter &apos;test-name&apos; is required by BeforeTest on method beforeTest but has not been marked @Optional or defined

... Removed 31 stack frames</div></td></tr></table><p class="totop"><a href="#summary">back to summary</a></p>
<h3 id="m7">MyGroupID.MyArtifactID.TestOneWithMVN#testMethodOne</h3><table class="result"><tr><th>Exception</th></tr><tr><td><div class="stacktrace">org.testng.TestNGException: 
Parameter &apos;test-name&apos; is required by BeforeTest on method beforeTest but has not been marked @Optional or defined

... Removed 31 stack frames</div></td></tr></table><p class="totop"><a href="#summary">back to summary</a></p>
</body>
</html>
