<?xml version="1.0" encoding="UTF-8"?>
<!-- Generated by org.testng.reporters.JUnitXMLReporter -->
<testsuite hostname="N9626" ignored="0" name="Command line test" tests="4" failures="0" timestamp="2020-11-09T17:11:38 IST" time="0.106" errors="0">
  <testcase name="@BeforeTest beforeTest" time="-1.604922098811E9" classname="MyGroupID.MyArtifactID.SuiteTest">
    <failure type="org.testng.TestNGException" message="
Parameter &amp;apos;test-name&amp;apos; is required by BeforeTest on method beforeTest but has not been marked @Optional or defined
">
      <![CDATA[org.testng.TestNGException: 
Parameter 'test-name' is required by BeforeTest on method beforeTest but has not been marked @Optional or defined

... Removed 31 stack frames]]>
    </failure>
  </testcase> <!-- @BeforeTest beforeTest -->
  <testcase name="@BeforeClass beforeClass" time="-1.604922098911E9" classname="MyGroupID.MyArtifactID.SuiteTest">
    <skipped/>
  </testcase> <!-- @BeforeClass beforeClass -->
  <testcase name="@AfterClass afterClass" time="-1.604922098912E9" classname="MyGroupID.MyArtifactID.SuiteTest">
    <skipped/>
  </testcase> <!-- @AfterClass afterClass -->
  <testcase name="@AfterTest afterTest" time="-1.604922098913E9" classname="MyGroupID.MyArtifactID.SuiteTest">
    <skipped/>
  </testcase> <!-- @AfterTest afterTest -->
  <testcase name="testMethodOne" time="0.0" classname="MyGroupID.MyArtifactID.SecondTest">
    <skipped/>
  </testcase> <!-- testMethodOne -->
  <testcase name="testMethodTwo" time="0.0" classname="MyGroupID.MyArtifactID.SecondTest">
    <skipped/>
  </testcase> <!-- testMethodTwo -->
  <testcase name="testMethodOne" time="0.0" classname="MyGroupID.MyArtifactID.SuiteTest">
    <skipped/>
  </testcase> <!-- testMethodOne -->
  <testcase name="testMethodOne" time="0.0" classname="MyGroupID.MyArtifactID.TestOneWithMVN">
    <skipped/>
  </testcase> <!-- testMethodOne -->
</testsuite> <!-- Command line test -->
